<?xml version="1.0" encoding="UTF-8"?>
<!-- Generated by org.testng.reporters.JUnitReportReporter -->
<testsuite skipped="0" hostname="Roshith-PC" name="com.MVN.SampleProject.SmokeTest" tests="1" failures="0" timestamp="10 Jun 2018 06:57:36 GMT" time="0.006" errors="0">
  <testcase name="f" time="0.006" classname="com.MVN.SampleProject.SmokeTest"/>
</testsuite> <!-- com.MVN.SampleProject.SmokeTest -->
