<?xml version="1.0" encoding="UTF-8"?>
<!-- Generated by org.testng.reporters.JUnitReportReporter -->
<testsuite skipped="0" hostname="Roshith-PC" name="com.MVN.SampleProject.SmokeTest" tests="2" failures="0" timestamp="10 Jun 2018 11:20:39 GMT" time="0.001" errors="0">
  <testcase name="f" time="0.001" classname="com.MVN.SampleProject.SmokeTest"/>
  <testcase name="test" time="0.000" classname="com.MVN.SampleProject.SmokeTest"/>
</testsuite> <!-- com.MVN.SampleProject.SmokeTest -->
